[debug] [2022-05-11T16:46:36.385Z] ----------------------------------------------------------------------
[debug] [2022-05-11T16:46:36.388Z] Command:       C:\Program Files\nodejs\node.exe C:\Users\79827\AppData\Roaming\npm\node_modules\firebase-tools\lib\bin\firebase.js init
[debug] [2022-05-11T16:46:36.388Z] CLI Version:   10.9.0
[debug] [2022-05-11T16:46:36.388Z] Platform:      win32
[debug] [2022-05-11T16:46:36.388Z] Node Version:  v14.18.0
[debug] [2022-05-11T16:46:36.389Z] Time:          Wed May 11 2022 21:46:36 GMT+0500 (Екатеринбург, стандартное время)
[debug] [2022-05-11T16:46:36.390Z] ----------------------------------------------------------------------
[debug] 
[debug] [2022-05-11T16:46:36.393Z] >>> [apiv2][query] GET https://firebase-public.firebaseio.com/cli.json [none]
[debug] [2022-05-11T16:46:36.425Z] > command requires scopes: ["email","openid","https://www.googleapis.com/auth/cloudplatformprojects.readonly","https://www.googleapis.com/auth/firebase","https://www.googleapis.com/auth/cloud-platform"]
[debug] [2022-05-11T16:46:36.425Z] > authorizing via signed-in user (mizonov.iv@gmail.com)
[info] 
     ######## #### ########  ######## ########     ###     ######  ########
     ##        ##  ##     ## ##       ##     ##  ##   ##  ##       ##
     ######    ##  ########  ######   ########  #########  ######  ######
     ##        ##  ##    ##  ##       ##     ## ##     ##       ## ##
     ##       #### ##     ## ######## ########  ##     ##  ######  ########

You're about to initialize a Firebase project in this directory:

  C:\Users\79827\Desktop\code\Angular\angular-blog\dist\angular-blog

[debug] [2022-05-11T16:46:37.217Z] <<< [apiv2][status] GET https://firebase-public.firebaseio.com/cli.json 200
[debug] [2022-05-11T16:46:37.218Z] <<< [apiv2][body] GET https://firebase-public.firebaseio.com/cli.json {"cloudBuildErrorAfter":1594252800000,"cloudBuildWarnAfter":1590019200000,"defaultNode10After":1594252800000,"minVersion":"3.0.5","node8DeploysDisabledAfter":1613390400000,"node8RuntimeDisabledAfter":1615809600000,"node8WarnAfter":1600128000000}
